#
# There is insufficient memory for the Java Runtime Environment to continue.
# Native memory allocation (malloc) failed to allocate 183856 bytes for Chunk::new
# Possible reasons:
#   The system is out of physical RAM or swap space
#   The process is running with CompressedOops enabled, and the Java Heap may be blocking the growth of the native heap
# Possible solutions:
#   Reduce memory load on the system
#   Increase physical memory or swap space
#   Check if swap backing store is full
#   Decrease Java heap size (-Xmx/-Xms)
#   Decrease number of Java threads
#   Decrease Java thread stack sizes (-Xss)
#   Set larger code cache with -XX:ReservedCodeCacheSize=
#   JVM is running with Unscaled Compressed Oops mode in which the Java heap is
#     placed in the first 4GB address space. The Java Heap base address is the
#     maximum limit for the native heap growth. Please use -XX:HeapBaseMinAddress
#     to set the Java Heap base and to place the Java Heap above 4GB virtual address.
# This output file may be truncated or incomplete.
#
#  Out of Memory Error (allocation.cpp:389), pid=41932, tid=0x0000000000008140
#
# JRE version: OpenJDK Runtime Environment (8.0_212-b04) (build 1.8.0_212-release-1586-b04)
# Java VM: OpenJDK 64-Bit Server VM (25.212-b04 mixed mode windows-amd64 compressed oops)
# Failed to write core dump. Minidumps are not enabled by default on client versions of Windows
#

---------------  T H R E A D  ---------------

Current thread (0x00000000164fa000):  JavaThread "C2 CompilerThread0" daemon [_thread_in_native, id=33088, stack(0x0000000017b60000,0x0000000017c60000)]

Stack: [0x0000000017b60000,0x0000000017c60000]
[error occurred during error reporting (printing stack bounds), id 0xc0000005]

Native frames: (J=compiled Java code, j=interpreted, Vv=VM code, C=native code)


Current CompileTask:
C2: 106871 17291   !   4       java.nio.file.Files::readAllBytes (214 bytes)


---------------  P R O C E S S  ---------------

Java Threads: ( => current thread )
  0x000000001e358800 JavaThread "ForkJoinPool.commonPool-worker-2" daemon [_thread_in_native, id=36684, stack(0x00000000289b0000,0x0000000028ab0000)]
  0x000000001e353000 JavaThread "ForkJoinPool.commonPool-worker-1" daemon [_thread_in_native, id=29868, stack(0x0000000027150000,0x0000000027250000)]
  0x000000001e357000 JavaThread "ForkJoinPool.commonPool-worker-0" daemon [_thread_in_native, id=26028, stack(0x0000000027050000,0x0000000027150000)]
  0x000000001e356000 JavaThread "WorkerExecutor Queue Thread 5" [_thread_blocked, id=31860, stack(0x0000000026f50000,0x0000000027050000)]
  0x000000001e34f800 JavaThread "WorkerExecutor Queue Thread 4" [_thread_blocked, id=39252, stack(0x0000000025c90000,0x0000000025d90000)]
  0x000000001e352800 JavaThread "WorkerExecutor Queue Thread 3" [_thread_blocked, id=4040, stack(0x0000000025990000,0x0000000025a90000)]
  0x000000001e350000 JavaThread "WorkerExecutor Queue" [_thread_blocked, id=36180, stack(0x0000000025790000,0x0000000025890000)]
  0x000000001f52c800 JavaThread "Cache worker for Java compile cache (C:\Users\TNH\AndroidStudioProjects\PilulierAndroid\.gradle\5.6.4\javaCompile)" [_thread_blocked, id=10308, stack(0x00000000242f0000,0x00000000243f0000)]
  0x000000001f52c000 JavaThread "Cache worker for Java compile cache (C:\Users\TNH\.gradle\caches\5.6.4\javaCompile)" [_thread_blocked, id=32720, stack(0x00000000241f0000,0x00000000242f0000)]
  0x000000001f529000 JavaThread "Cache worker for execution history cache (C:\Users\TNH\AndroidStudioProjects\PilulierAndroid\.gradle\5.6.4\executionHistory)" [_thread_blocked, id=34084, stack(0x0000000023ef0000,0x0000000023ff0000)]
  0x000000001f528000 JavaThread "Execution worker for ':' Thread 3" [_thread_in_Java, id=11196, stack(0x0000000023bf0000,0x0000000023cf0000)]
  0x000000001f527800 JavaThread "Execution worker for ':' Thread 2" [_thread_blocked, id=38436, stack(0x0000000023af0000,0x0000000023bf0000)]
  0x000000001f529800 JavaThread "Execution worker for ':'" [_thread_blocked, id=36068, stack(0x00000000239f0000,0x0000000023af0000)]
  0x000000001f526800 JavaThread "Cache worker for file content cache (C:\Users\TNH\AndroidStudioProjects\PilulierAndroid\.gradle\5.6.4\fileContent)" [_thread_blocked, id=26128, stack(0x00000000232f0000,0x00000000233f0000)]
  0x000000001f52b000 JavaThread "Cache worker for file content cache (C:\Users\TNH\.gradle\caches\5.6.4\fileContent)" [_thread_blocked, id=17656, stack(0x00000000231f0000,0x00000000232f0000)]
  0x000000001f51e800 JavaThread "Memory manager" [_thread_blocked, id=36152, stack(0x00000000230f0000,0x00000000231f0000)]
  0x000000001f523800 JavaThread "Cache worker for Build Output Cleanup Cache (C:\Users\TNH\AndroidStudioProjects\PilulierAndroid\.gradle\buildOutputCleanup)" [_thread_blocked, id=33068, stack(0x00000000225f0000,0x00000000226f0000)]
  0x000000001f523000 JavaThread "pool-1-thread-1" [_thread_blocked, id=15280, stack(0x00000000222f0000,0x00000000223f0000)]
  0x000000001f51f000 JavaThread "Build operations Thread 4" [_thread_blocked, id=41316, stack(0x0000000020bf0000,0x0000000020cf0000)]
  0x000000001f520000 JavaThread "Build operations Thread 3" [_thread_blocked, id=20252, stack(0x0000000020af0000,0x0000000020bf0000)]
  0x000000001f521800 JavaThread "Build operations Thread 2" [_thread_blocked, id=24548, stack(0x00000000209f0000,0x0000000020af0000)]
  0x000000001f522000 JavaThread "Build operations" [_thread_blocked, id=7868, stack(0x00000000208f0000,0x00000000209f0000)]
  0x000000001f525000 JavaThread "Cache worker for execution history cache (C:\Users\TNH\.gradle\caches\5.6.4\executionHistory)" [_thread_blocked, id=23628, stack(0x00000000206c0000,0x00000000207c0000)]
  0x000000001f520800 JavaThread "Cache worker for cache directory md-rule (C:\Users\TNH\.gradle\caches\5.6.4\md-rule)" [_thread_blocked, id=23968, stack(0x00000000205c0000,0x00000000206c0000)]
  0x00000000191ea800 JavaThread "Cache worker for cache directory md-supplier (C:\Users\TNH\.gradle\caches\5.6.4\md-supplier)" [_thread_blocked, id=41800, stack(0x000000001ee20000,0x000000001ef20000)]
  0x00000000191eb800 JavaThread "Cache worker for file hash cache (C:\Users\TNH\AndroidStudioProjects\PilulierAndroid\.gradle\5.6.4\fileHashes)" [_thread_blocked, id=41788, stack(0x000000001e450000,0x000000001e550000)]
  0x00000000191e7800 JavaThread "Cache worker for journal cache (C:\Users\TNH\.gradle\caches\journal-1)" [_thread_blocked, id=17436, stack(0x000000001b2e0000,0x000000001b3e0000)]
  0x00000000191e4800 JavaThread "File lock request listener" [_thread_in_native, id=30380, stack(0x000000001b1e0000,0x000000001b2e0000)]
  0x00000000191e6000 JavaThread "Cache worker for file hash cache (C:\Users\TNH\.gradle\caches\5.6.4\fileHashes)" [_thread_blocked, id=37432, stack(0x000000001b0e0000,0x000000001b1e0000)]
  0x000000001964e800 JavaThread "Thread-9" [_thread_blocked, id=41936, stack(0x000000001ade0000,0x000000001aee0000)]
  0x00000000196d3000 JavaThread "Asynchronous log dispatcher for DefaultDaemonConnection: socket connection from /127.0.0.1:52029 to /127.0.0.1:52030" [_thread_blocked, id=41796, stack(0x000000001abe0000,0x000000001ace0000)]
  0x00000000196d0800 JavaThread "Daemon worker" [_thread_blocked, id=29720, stack(0x000000001aae0000,0x000000001abe0000)]
  0x00000000196d0000 JavaThread "Cancel handler" [_thread_blocked, id=29400, stack(0x000000001a9e0000,0x000000001aae0000)]
  0x000000001961a000 JavaThread "Handler for socket connection from /127.0.0.1:52029 to /127.0.0.1:52030" [_thread_in_native, id=40060, stack(0x000000001a6e0000,0x000000001a7e0000)]
  0x0000000019619000 JavaThread "Daemon" [_thread_blocked, id=7088, stack(0x000000001a5e0000,0x000000001a6e0000)]
  0x0000000018b21800 JavaThread "Daemon periodic checks" [_thread_blocked, id=10716, stack(0x000000001a4e0000,0x000000001a5e0000)]
  0x0000000018b1f800 JavaThread "Incoming local TCP Connector on port 52029" [_thread_in_native, id=30716, stack(0x000000001a270000,0x000000001a370000)]
  0x0000000019599800 JavaThread "Daemon health stats" [_thread_blocked, id=27092, stack(0x0000000019c30000,0x0000000019d30000)]
  0x0000000017e67800 JavaThread "Service Thread" daemon [_thread_blocked, id=41040, stack(0x0000000018260000,0x0000000018360000)]
  0x00000000164f5800 JavaThread "C1 CompilerThread2" daemon [_thread_blocked, id=28744, stack(0x0000000017d60000,0x0000000017e60000)]
  0x00000000164ed000 JavaThread "C2 CompilerThread1" daemon [_thread_blocked, id=40588, stack(0x0000000017c60000,0x0000000017d60000)]
=>0x00000000164fa000 JavaThread "C2 CompilerThread0" daemon [_thread_in_native, id=33088, stack(0x0000000017b60000,0x0000000017c60000)]
  0x00000000164f9000 JavaThread "Attach Listener" daemon [_thread_blocked, id=15628, stack(0x0000000017a60000,0x0000000017b60000)]
  0x00000000164f7800 JavaThread "Signal Dispatcher" daemon [_thread_blocked, id=19336, stack(0x0000000017960000,0x0000000017a60000)]
  0x0000000002b76800 JavaThread "Finalizer" daemon [_thread_blocked, id=28348, stack(0x0000000017740000,0x0000000017840000)]
  0x00000000164d9000 JavaThread "Reference Handler" daemon [_thread_blocked, id=10004, stack(0x0000000017640000,0x0000000017740000)]
  0x0000000000ffe000 JavaThread "main" [_thread_blocked, id=37344, stack(0x00000000011d0000,0x00000000012d0000)]

Other Threads:
  0x00000000164b7000 VMThread [stack: 0x0000000017540000,0x0000000017640000] [id=34900]
  0x0000000017e68000 WatcherThread [stack: 0x0000000018360000,0x0000000018460000] [id=25136]

VM state:not at safepoint (normal execution)

VM Mutex/Monitor currently owned by a thread: None

OutOfMemory and StackOverflow Exception counts:
OutOfMemoryError java_heap_errors=568

heap address: 0x00000000a0000000, size: 1536 MB, Compressed Oops mode: 32-bit
Narrow klass base: 0x0000000000000000, Narrow klass shift: 3
Compressed class space size: 1073741824 Address: 0x0000000100000000

Heap:
 PSYoungGen      total 418816K, used 402479K [0x00000000e0000000, 0x0000000100000000, 0x0000000100000000)
  eden space 332800K, 99% used [0x00000000e0000000,0x00000000f435a600,0x00000000f4500000)
  from space 86016K, 82% used [0x00000000fac00000,0x00000000ff1b1938,0x0000000100000000)
  to   space 95744K, 0% used [0x00000000f4500000,0x00000000f4500000,0x00000000fa280000)
 ParOldGen       total 200192K, used 155942K [0x00000000a0000000, 0x00000000ac380000, 0x00000000e0000000)
  object space 200192K, 77% used [0x00000000a0000000,0x00000000a9849980,0x00000000ac380000)
 Metaspace       used 92708K, capacity 96316K, committed 96600K, reserved 1134592K
  class space    used 13332K, capacity 14149K, committed 14168K, reserved 1048576K

Card table byte_map: [0x0000000011f40000,0x0000000012250000] byte_map_base: 0x0000000011a40000

Marking Bits: (ParMarkBitMap*) 0x0000000075689f30
 Begin Bits: [0x0000000012850000, 0x0000000014050000)
 End Bits:   [0x0000000014050000, 0x0000000015850000)

Polling page: 0x0000000001060000

CodeCache: size=245760Kb used=45400Kb max_used=46611Kb free=200359Kb
 bounds [0x0000000002b80000, 0x0000000005940000, 0x0000000011b80000]
 total_blobs=14489 nmethods=13606 adapters=794
 compilation: enabled

Compilation events (10 events):
Event: 106.568 Thread 0x00000000164f5800 nmethod 17286 0x0000000004aba4d0 code [0x0000000004aba660, 0x0000000004abac28]
Event: 106.609 Thread 0x00000000164f5800 17287       3       java.nio.file.FileSystemException::getReason (5 bytes)
Event: 106.609 Thread 0x00000000164f5800 nmethod 17287 0x0000000005228f10 code [0x0000000005229060, 0x00000000052291d0]
Event: 106.610 Thread 0x00000000164f5800 17288       3       java.util.concurrent.ForkJoinTask$ExceptionNode::<init> (37 bytes)
Event: 106.611 Thread 0x00000000164f5800 nmethod 17288 0x00000000049ff890 code [0x00000000049ffa20, 0x00000000049ffea8]
Event: 106.611 Thread 0x00000000164f5800 17290       3       java.lang.VirtualMachineError::<init> (5 bytes)
Event: 106.612 Thread 0x00000000164f5800 nmethod 17290 0x0000000003d55c90 code [0x0000000003d55e20, 0x0000000003d56188]
Event: 106.612 Thread 0x00000000164f5800 17289       3       java.lang.OutOfMemoryError::<init> (5 bytes)
Event: 106.612 Thread 0x00000000164f5800 nmethod 17289 0x0000000004382a10 code [0x0000000004382b80, 0x0000000004382dc8]
Event: 106.860 Thread 0x00000000164fa000 17291   !   4       java.nio.file.Files::readAllBytes (214 bytes)

GC Heap History (10 events):
Event: 69.687 GC heap before
{Heap before GC invocations=20 (full 4):
 PSYoungGen      total 363008K, used 39920K [0x00000000e0000000, 0x00000000faa00000, 0x0000000100000000)
  eden space 323072K, 0% used [0x00000000e0000000,0x00000000e0000000,0x00000000f3b80000)
  from space 39936K, 99% used [0x00000000f7000000,0x00000000f96fc140,0x00000000f9700000)
  to   space 53760K, 0% used [0x00000000f3b80000,0x00000000f3b80000,0x00000000f7000000)
 ParOldGen       total 111616K, used 93516K [0x00000000a0000000, 0x00000000a6d00000, 0x00000000e0000000)
  object space 111616K, 83% used [0x00000000a0000000,0x00000000a5b53178,0x00000000a6d00000)
 Metaspace       used 78930K, capacity 81484K, committed 81752K, reserved 1118208K
  class space    used 11467K, capacity 12081K, committed 12120K, reserved 1048576K
Event: 69.979 GC heap after
Heap after GC invocations=20 (full 4):
 PSYoungGen      total 363008K, used 0K [0x00000000e0000000, 0x00000000faa00000, 0x0000000100000000)
  eden space 323072K, 0% used [0x00000000e0000000,0x00000000e0000000,0x00000000f3b80000)
  from space 39936K, 0% used [0x00000000f7000000,0x00000000f7000000,0x00000000f9700000)
  to   space 53760K, 0% used [0x00000000f3b80000,0x00000000f3b80000,0x00000000f7000000)
 ParOldGen       total 200192K, used 82757K [0x00000000a0000000, 0x00000000ac380000, 0x00000000e0000000)
  object space 200192K, 41% used [0x00000000a0000000,0x00000000a50d15c0,0x00000000ac380000)
 Metaspace       used 78854K, capacity 81278K, committed 81752K, reserved 1118208K
  class space    used 11443K, capacity 12038K, committed 12120K, reserved 1048576K
}
Event: 72.549 GC heap before
{Heap before GC invocations=21 (full 4):
 PSYoungGen      total 363008K, used 323072K [0x00000000e0000000, 0x00000000faa00000, 0x0000000100000000)
  eden space 323072K, 100% used [0x00000000e0000000,0x00000000f3b80000,0x00000000f3b80000)
  from space 39936K, 0% used [0x00000000f7000000,0x00000000f7000000,0x00000000f9700000)
  to   space 53760K, 0% used [0x00000000f3b80000,0x00000000f3b80000,0x00000000f7000000)
 ParOldGen       total 200192K, used 82757K [0x00000000a0000000, 0x00000000ac380000, 0x00000000e0000000)
  object space 200192K, 41% used [0x00000000a0000000,0x00000000a50d15c0,0x00000000ac380000)
 Metaspace       used 78854K, capacity 81278K, committed 81752K, reserved 1118208K
  class space    used 11443K, capacity 12038K, committed 12120K, reserved 1048576K
Event: 72.677 GC heap after
Heap after GC invocations=21 (full 4):
 PSYoungGen      total 376832K, used 12553K [0x00000000e0000000, 0x00000000fdb00000, 0x0000000100000000)
  eden space 323072K, 0% used [0x00000000e0000000,0x00000000e0000000,0x00000000f3b80000)
  from space 53760K, 23% used [0x00000000f3b80000,0x00000000f47c2558,0x00000000f7000000)
  to   space 51200K, 0% used [0x00000000fa900000,0x00000000fa900000,0x00000000fdb00000)
 ParOldGen       total 200192K, used 82757K [0x00000000a0000000, 0x00000000ac380000, 0x00000000e0000000)
  object space 200192K, 41% used [0x00000000a0000000,0x00000000a50d15c0,0x00000000ac380000)
 Metaspace       used 78854K, capacity 81278K, committed 81752K, reserved 1118208K
  class space    used 11443K, capacity 12038K, committed 12120K, reserved 1048576K
}
Event: 75.125 GC heap before
{Heap before GC invocations=22 (full 4):
 PSYoungGen      total 376832K, used 335625K [0x00000000e0000000, 0x00000000fdb00000, 0x0000000100000000)
  eden space 323072K, 100% used [0x00000000e0000000,0x00000000f3b80000,0x00000000f3b80000)
  from space 53760K, 23% used [0x00000000f3b80000,0x00000000f47c2558,0x00000000f7000000)
  to   space 51200K, 0% used [0x00000000fa900000,0x00000000fa900000,0x00000000fdb00000)
 ParOldGen       total 200192K, used 82757K [0x00000000a0000000, 0x00000000ac380000, 0x00000000e0000000)
  object space 200192K, 41% used [0x00000000a0000000,0x00000000a50d15c0,0x00000000ac380000)
 Metaspace       used 79817K, capacity 82386K, committed 82648K, reserved 1120256K
  class space    used 11560K, capacity 12154K, committed 12248K, reserved 1048576K
Event: 75.188 GC heap after
Heap after GC invocations=22 (full 4):
 PSYoungGen      total 429568K, used 42390K [0x00000000e0000000, 0x00000000fe380000, 0x0000000100000000)
  eden space 378368K, 0% used [0x00000000e0000000,0x00000000e0000000,0x00000000f7180000)
  from space 51200K, 82% used [0x00000000fa900000,0x00000000fd265b48,0x00000000fdb00000)
  to   space 56832K, 0% used [0x00000000f7180000,0x00000000f7180000,0x00000000fa900000)
 ParOldGen       total 200192K, used 82765K [0x00000000a0000000, 0x00000000ac380000, 0x00000000e0000000)
  object space 200192K, 41% used [0x00000000a0000000,0x00000000a50d35c0,0x00000000ac380000)
 Metaspace       used 79817K, capacity 82386K, committed 82648K, reserved 1120256K
  class space    used 11560K, capacity 12154K, committed 12248K, reserved 1048576K
}
Event: 89.646 GC heap before
{Heap before GC invocations=23 (full 4):
 PSYoungGen      total 429568K, used 420758K [0x00000000e0000000, 0x00000000fe380000, 0x0000000100000000)
  eden space 378368K, 100% used [0x00000000e0000000,0x00000000f7180000,0x00000000f7180000)
  from space 51200K, 82% used [0x00000000fa900000,0x00000000fd265b48,0x00000000fdb00000)
  to   space 56832K, 0% used [0x00000000f7180000,0x00000000f7180000,0x00000000fa900000)
 ParOldGen       total 200192K, used 82765K [0x00000000a0000000, 0x00000000ac380000, 0x00000000e0000000)
  object space 200192K, 41% used [0x00000000a0000000,0x00000000a50d35c0,0x00000000ac380000)
 Metaspace       used 89004K, capacity 92398K, committed 92504K, reserved 1128448K
  class space    used 12870K, capacity 13622K, committed 13656K, reserved 1048576K
Event: 89.786 GC heap after
Heap after GC invocations=23 (full 4):
 PSYoungGen      total 435200K, used 56803K [0x00000000e0000000, 0x0000000100000000, 0x0000000100000000)
  eden space 378368K, 0% used [0x00000000e0000000,0x00000000e0000000,0x00000000f7180000)
  from space 56832K, 99% used [0x00000000f7180000,0x00000000fa8f8d70,0x00000000fa900000)
  to   space 86016K, 0% used [0x00000000fac00000,0x00000000fac00000,0x0000000100000000)
 ParOldGen       total 200192K, used 136139K [0x00000000a0000000, 0x00000000ac380000, 0x00000000e0000000)
  object space 200192K, 68% used [0x00000000a0000000,0x00000000a84f2d10,0x00000000ac380000)
 Metaspace       used 89004K, capacity 92398K, committed 92504K, reserved 1128448K
  class space    used 12870K, capacity 13622K, committed 13656K, reserved 1048576K
}
Event: 94.648 GC heap before
{Heap before GC invocations=24 (full 4):
 PSYoungGen      total 435200K, used 435171K [0x00000000e0000000, 0x0000000100000000, 0x0000000100000000)
  eden space 378368K, 100% used [0x00000000e0000000,0x00000000f7180000,0x00000000f7180000)
  from space 56832K, 99% used [0x00000000f7180000,0x00000000fa8f8d70,0x00000000fa900000)
  to   space 86016K, 0% used [0x00000000fac00000,0x00000000fac00000,0x0000000100000000)
 ParOldGen       total 200192K, used 136205K [0x00000000a0000000, 0x00000000ac380000, 0x00000000e0000000)
  object space 200192K, 68% used [0x00000000a0000000,0x00000000a8503450,0x00000000ac380000)
 Metaspace       used 92537K, capacity 96102K, committed 96344K, reserved 1132544K
  class space    used 13316K, capacity 14146K, committed 14168K, reserved 1048576K
Event: 94.769 GC heap after
Heap after GC invocations=24 (full 4):
 PSYoungGen      total 418816K, used 71366K [0x00000000e0000000, 0x0000000100000000, 0x0000000100000000)
  eden space 332800K, 0% used [0x00000000e0000000,0x00000000e0000000,0x00000000f4500000)
  from space 86016K, 82% used [0x00000000fac00000,0x00000000ff1b1938,0x0000000100000000)
  to   space 95744K, 0% used [0x00000000f4500000,0x00000000f4500000,0x00000000fa280000)
 ParOldGen       total 200192K, used 155942K [0x00000000a0000000, 0x00000000ac380000, 0x00000000e0000000)
  object space 200192K, 77% used [0x00000000a0000000,0x00000000a9849980,0x00000000ac380000)
 Metaspace       used 92537K, capacity 96102K, committed 96344K, reserved 1132544K
  class space    used 13316K, capacity 14146K, committed 14168K, reserved 1048576K
}

Deoptimization events (10 events):
Event: 93.592 Thread 0x000000001f528000 Uncommon trap: reason=unstable_if action=reinterpret pc=0x0000000002f2d01c method=java.io.ObjectOutputStream$BlockDataOutputStream.writeBytes(Ljava/lang/String;)V @ 22
Event: 94.501 Thread 0x000000001e350000 Uncommon trap: reason=unstable_if action=reinterpret pc=0x0000000003111f1c method=java.util.stream.StreamOpFlag.getMask(I)I @ 1
Event: 94.528 Thread 0x000000001e350000 Uncommon trap: reason=unstable_if action=reinterpret pc=0x0000000003f3367c method=com.android.builder.internal.packaging.IncrementalPackager.lambda$addFiles$6(Ljava/util/function/Predicate;Lcom/android/builder/internal/packaging/PackagedFileUpdate;)Z @ 10
Event: 94.565 Thread 0x000000001e350000 Uncommon trap: reason=unstable_if action=reinterpret pc=0x00000000052714c8 method=java.util.concurrent.ForkJoinPool.externalPush(Ljava/util/concurrent/ForkJoinTask;)V @ 103
Event: 94.603 Thread 0x000000001e350000 Uncommon trap: reason=unstable_if action=reinterpret pc=0x000000000352db90 method=com.android.builder.internal.packaging.IncrementalPackager.lambda$addFiles$7(Ljava/util/function/Predicate;Lcom/android/builder/internal/packaging/PackagedFileUpdate;)Z @ 10
Event: 106.233 Thread 0x000000001e353000 Uncommon trap: reason=unstable_if action=reinterpret pc=0x0000000002e38cbc method=java.util.concurrent.ForkJoinPool.scan(Ljava/util/concurrent/ForkJoinPool$WorkQueue;I)Ljava/util/concurrent/ForkJoinTask; @ 152
Event: 106.295 Thread 0x000000001f528000 Uncommon trap: reason=class_check action=maybe_recompile pc=0x0000000002d30bc0 method=java.lang.Throwable.<init>(Ljava/lang/String;Ljava/lang/Throwable;)V @ 24
Event: 106.302 Thread 0x000000001f528000 Uncommon trap: reason=class_check action=maybe_recompile pc=0x0000000002d30bc0 method=java.lang.Throwable.<init>(Ljava/lang/String;Ljava/lang/Throwable;)V @ 24
Event: 106.306 Thread 0x000000001f528000 Uncommon trap: reason=unstable_if action=reinterpret pc=0x00000000057c7a74 method=java.nio.file.Files.walkFileTree(Ljava/nio/file/Path;Ljava/util/Set;ILjava/nio/file/FileVisitor;)Ljava/nio/file/Path; @ 69
Event: 106.311 Thread 0x000000001f528000 Uncommon trap: reason=unstable_if action=reinterpret pc=0x00000000037d4b30 method=org.gradle.internal.snapshot.MerkleDirectorySnapshotBuilder.visitFile(Lorg/gradle/internal/snapshot/FileSystemLocationSnapshot;)V @ 7

Classes redefined (0 events):
No events

Internal exceptions (10 events):
Event: 106.860 Thread 0x000000001e353000 Exception <a 'java/lang/OutOfMemoryError'> (0x00000000f413e9f8) thrown at [D:\src\AOSP-openjdk-cygwin\jdk8u\hotspot\src\share\vm\prims\jni.cpp, line 736]
Event: 106.861 Thread 0x000000001e358800 Exception <a 'java/lang/OutOfMemoryError'> (0x00000000f41a4f48) thrown at [D:\src\AOSP-openjdk-cygwin\jdk8u\hotspot\src\share\vm\prims\jni.cpp, line 736]
Event: 106.862 Thread 0x000000001e358800 Exception <a 'java/lang/OutOfMemoryError'> (0x00000000f41b54c0) thrown at [D:\src\AOSP-openjdk-cygwin\jdk8u\hotspot\src\share\vm\prims\jni.cpp, line 736]
Event: 106.863 Thread 0x000000001e353000 Exception <a 'java/lang/OutOfMemoryError'> (0x00000000f413f4e0) thrown at [D:\src\AOSP-openjdk-cygwin\jdk8u\hotspot\src\share\vm\prims\jni.cpp, line 736]
Event: 106.864 Thread 0x000000001e357000 Exception <a 'java/lang/OutOfMemoryError'> (0x00000000f41e8dc8) thrown at [D:\src\AOSP-openjdk-cygwin\jdk8u\hotspot\src\share\vm\prims\jni.cpp, line 736]
Event: 106.867 Thread 0x000000001e358800 Exception <a 'java/lang/OutOfMemoryError'> (0x00000000f41b5fa8) thrown at [D:\src\AOSP-openjdk-cygwin\jdk8u\hotspot\src\share\vm\prims\jni.cpp, line 736]
Event: 106.867 Thread 0x000000001e353000 Exception <a 'java/lang/OutOfMemoryError'> (0x00000000f413ffc8) thrown at [D:\src\AOSP-openjdk-cygwin\jdk8u\hotspot\src\share\vm\prims\jni.cpp, line 736]
Event: 106.868 Thread 0x000000001e357000 Exception <a 'java/lang/OutOfMemoryError'> (0x00000000f41fa260) thrown at [D:\src\AOSP-openjdk-cygwin\jdk8u\hotspot\src\share\vm\prims\jni.cpp, line 736]
Event: 106.868 Thread 0x000000001e358800 Exception <a 'java/lang/OutOfMemoryError'> (0x00000000f41b6a90) thrown at [D:\src\AOSP-openjdk-cygwin\jdk8u\hotspot\src\share\vm\prims\jni.cpp, line 736]
Event: 106.869 Thread 0x000000001e358800 Exception <a 'sun/nio/fs/WindowsException'> (0x00000000f41b71d8) thrown at [D:\src\AOSP-openjdk-cygwin\jdk8u\hotspot\src\share\vm\prims\jni.cpp, line 710]

Events (10 events):
Event: 106.475 Thread 0x00000000164f5800 flushing nmethod 0x000000000574ffd0
Event: 106.475 Thread 0x00000000164f5800 flushing nmethod 0x0000000005751190
Event: 106.475 Thread 0x00000000164f5800 flushing nmethod 0x0000000005752450
Event: 106.475 Thread 0x00000000164f5800 flushing nmethod 0x000000000575a090
Event: 106.475 Thread 0x00000000164f5800 flushing nmethod 0x000000000575a3d0
Event: 106.475 Thread 0x00000000164f5800 flushing nmethod 0x000000000575ac50
Event: 106.475 Thread 0x00000000164f5800 flushing nmethod 0x0000000005774b10
Event: 106.475 Thread 0x00000000164f5800 flushing nmethod 0x0000000005778550
Event: 106.475 Thread 0x00000000164f5800 flushing nmethod 0x000000000577bc90
Event: 106.475 Thread 0x00000000164f5800 flushing nmethod 0x00000000057849d0


Dynamic libraries:
0x00007ff6cbe20000 - 0x00007ff6cbe51000 	C:\Program Files\Android\Android Studio\jre\bin\java.exe
0x00007ffd47bc0000 - 0x00007ffd47dad000 	C:\WINDOWS\SYSTEM32\ntdll.dll
0x00007ffd3fb20000 - 0x00007ffd3fb33000 	C:\Program Files\AVAST Software\Avast\aswhook.dll
0x00007ffd459d0000 - 0x00007ffd45a83000 	C:\WINDOWS\System32\KERNEL32.DLL
0x00007ffd43ca0000 - 0x00007ffd43f35000 	C:\WINDOWS\System32\KERNELBASE.dll
0x00007ffd47ac0000 - 0x00007ffd47b63000 	C:\WINDOWS\System32\ADVAPI32.dll
0x00007ffd46250000 - 0x00007ffd462ee000 	C:\WINDOWS\System32\msvcrt.dll
0x00007ffd461b0000 - 0x00007ffd4624e000 	C:\WINDOWS\System32\sechost.dll
0x00007ffd44e70000 - 0x00007ffd44f92000 	C:\WINDOWS\System32\RPCRT4.dll
0x00007ffd456d0000 - 0x00007ffd45867000 	C:\WINDOWS\System32\USER32.dll
0x00007ffd43c80000 - 0x00007ffd43ca0000 	C:\WINDOWS\System32\win32u.dll
0x00007ffd46360000 - 0x00007ffd46389000 	C:\WINDOWS\System32\GDI32.dll
0x00007ffd440b0000 - 0x00007ffd44249000 	C:\WINDOWS\System32\gdi32full.dll
0x00007ffd43f40000 - 0x00007ffd43fe0000 	C:\WINDOWS\System32\msvcp_win.dll
0x00007ffd44ce0000 - 0x00007ffd44dda000 	C:\WINDOWS\System32\ucrtbase.dll
0x00007ffd2f5e0000 - 0x00007ffd2f859000 	C:\WINDOWS\WinSxS\amd64_microsoft.windows.common-controls_6595b64144ccf1df_6.0.17763.1217_none_de6e4304534e0ad3\COMCTL32.dll
0x00007ffd45e70000 - 0x00007ffd4619c000 	C:\WINDOWS\System32\combase.dll
0x00007ffd44030000 - 0x00007ffd440ae000 	C:\WINDOWS\System32\bcryptPrimitives.dll
0x00007ffd44de0000 - 0x00007ffd44e0e000 	C:\WINDOWS\System32\IMM32.DLL
0x0000000075ff0000 - 0x00000000760c2000 	C:\Program Files\Android\Android Studio\jre\jre\bin\msvcr100.dll
0x0000000074ec0000 - 0x0000000075706000 	C:\Program Files\Android\Android Studio\jre\jre\bin\server\jvm.dll
0x00007ffd47b70000 - 0x00007ffd47b78000 	C:\WINDOWS\System32\PSAPI.DLL
0x00007ffd362d0000 - 0x00007ffd362d9000 	C:\WINDOWS\SYSTEM32\WSOCK32.dll
0x00007ffd462f0000 - 0x00007ffd4635d000 	C:\WINDOWS\System32\WS2_32.dll
0x00007ffd387e0000 - 0x00007ffd38804000 	C:\WINDOWS\SYSTEM32\WINMM.dll
0x00007ffd3cef0000 - 0x00007ffd3cefa000 	C:\WINDOWS\SYSTEM32\VERSION.dll
0x00007ffd387b0000 - 0x00007ffd387dd000 	C:\WINDOWS\SYSTEM32\WINMMBASE.dll
0x00007ffd43fe0000 - 0x00007ffd4402a000 	C:\WINDOWS\System32\cfgmgr32.dll
0x00007ffd3e9f0000 - 0x00007ffd3e9ff000 	C:\Program Files\Android\Android Studio\jre\jre\bin\verify.dll
0x00007ffd2baa0000 - 0x00007ffd2bac9000 	C:\Program Files\Android\Android Studio\jre\jre\bin\java.dll
0x00007ffd3e9b0000 - 0x00007ffd3e9c6000 	C:\Program Files\Android\Android Studio\jre\jre\bin\zip.dll
0x00007ffd46410000 - 0x00007ffd47904000 	C:\WINDOWS\System32\SHELL32.dll
0x00007ffd44fa0000 - 0x00007ffd45048000 	C:\WINDOWS\System32\shcore.dll
0x00007ffd44590000 - 0x00007ffd44cde000 	C:\WINDOWS\System32\windows.storage.dll
0x00007ffd43bf0000 - 0x00007ffd43c14000 	C:\WINDOWS\System32\profapi.dll
0x00007ffd43c20000 - 0x00007ffd43c7d000 	C:\WINDOWS\System32\powrprof.dll
0x00007ffd45d30000 - 0x00007ffd45d82000 	C:\WINDOWS\System32\shlwapi.dll
0x00007ffd43bd0000 - 0x00007ffd43be1000 	C:\WINDOWS\System32\kernel.appcore.dll
0x00007ffd44250000 - 0x00007ffd44267000 	C:\WINDOWS\System32\cryptsp.dll
0x00007ffd32060000 - 0x00007ffd3207a000 	C:\Program Files\Android\Android Studio\jre\jre\bin\net.dll
0x00007ffd38cd0000 - 0x00007ffd38ea7000 	C:\WINDOWS\SYSTEM32\urlmon.dll
0x00007ffd38810000 - 0x00007ffd38ab8000 	C:\WINDOWS\SYSTEM32\iertutil.dll
0x00007ffd435f0000 - 0x00007ffd435fc000 	C:\WINDOWS\SYSTEM32\CRYPTBASE.DLL
0x00007ffd43420000 - 0x00007ffd43487000 	C:\WINDOWS\system32\mswsock.dll
0x00007ffd2f3b0000 - 0x00007ffd2f3c3000 	C:\Program Files\Android\Android Studio\jre\jre\bin\nio.dll
0x00007ffd37d70000 - 0x00007ffd37d96000 	C:\Users\TNH\.gradle\native\30\windows-amd64\native-platform.dll
0x00007ffd3e9e0000 - 0x00007ffd3e9ed000 	C:\Program Files\Android\Android Studio\jre\jre\bin\management.dll
0x00007ffd42f40000 - 0x00007ffd42f73000 	C:\WINDOWS\system32\rsaenh.dll
0x00007ffd44500000 - 0x00007ffd44526000 	C:\WINDOWS\System32\bcrypt.dll
0x00007ffd43ae0000 - 0x00007ffd43b08000 	C:\WINDOWS\SYSTEM32\USERENV.dll
0x00007ffd43140000 - 0x00007ffd4317d000 	C:\WINDOWS\SYSTEM32\IPHLPAPI.DLL
0x00007ffd47b80000 - 0x00007ffd47b88000 	C:\WINDOWS\System32\NSI.dll
0x00007ffd3a9a0000 - 0x00007ffd3a9b6000 	C:\WINDOWS\SYSTEM32\dhcpcsvc6.DLL
0x00007ffd3ba10000 - 0x00007ffd3ba2c000 	C:\WINDOWS\SYSTEM32\dhcpcsvc.DLL
0x00007ffd43180000 - 0x00007ffd43247000 	C:\WINDOWS\SYSTEM32\DNSAPI.dll

VM Arguments:
jvm_args: -Xmx1536m -Dfile.encoding=windows-1252 -Duser.country=FR -Duser.language=fr -Duser.variant 
java_command: org.gradle.launcher.daemon.bootstrap.GradleDaemon 5.6.4
java_class_path (initial): C:\Users\TNH\.gradle\wrapper\dists\gradle-5.6.4-all\ankdp27end7byghfw1q2sw75f\gradle-5.6.4\lib\gradle-launcher-5.6.4.jar
Launcher Type: SUN_STANDARD

Environment Variables:
JAVA_HOME=C:\Program Files\Java\jdk-11.0.2
PATH=C:\Program Files (x86)\Common Files\Oracle\Java\javapath;C:\Program Files (x86)\Intel\iCLS Client\;C:\Program Files\Intel\iCLS Client\;C:\Windows\system32;C:\Windows;C:\Windows\System32\Wbem;C:\Windows\System32\WindowsPowerShell\v1.0\;C:\Program Files (x86)\Acer\abFiles\;C:\Program Files\Intel\WiFi\bin\;C:\Program Files\Common Files\Intel\WirelessCommon\;C:\WINDOWS\system32;C:\WINDOWS;C:\WINDOWS\System32\Wbem;C:\WINDOWS\System32\WindowsPowerShell\v1.0\;C:\Program Files\Intel\Intel(R) Management Engine Components\DAL;C:\Program Files\Intel\Intel(R) Management Engine Components\IPT;C:\Program Files (x86)\Skype\Phone\;C:\WINDOWS\System32\OpenSSH\;C:\Program Files (x86)\Calibre2\;C:\Program Files\Git\cmd;C:\Program Files\Java\jdk-11.0.2\bin;C:\Users\TNH\AppData\Local\Programs\Python\Python37-32\Scripts\;C:\Users\TNH\AppData\Local\Programs\Python\Python37-32\;C:\Program Files\Java\jdk-11.0.2\bin;C:\Users\TNH\AppData\Local\Microsoft\WindowsApps;C:\Users\TNH\AppData\Local\Programs\Microsoft VS Code\bin
USERNAME=TNH
OS=Windows_NT
PROCESSOR_IDENTIFIER=Intel64 Family 6 Model 61 Stepping 4, GenuineIntel



---------------  S Y S T E M  ---------------

OS: Windows 10.0 , 64 bit Build 17763 (10.0.17763.1158)

CPU:total 4 (initial active 4) (2 cores per cpu, 2 threads per core) family 6 model 61 stepping 4, cmov, cx8, fxsr, mmx, sse, sse2, sse3, ssse3, sse4.1, sse4.2, popcnt, avx, avx2, aes, clmul, erms, 3dnowpref, lzcnt, ht, tsc, tscinvbit, bmi1, bmi2, adx

Memory: 4k page, physical 8301904k(677692k free), swap 18541904k(0k free)

vm_info: OpenJDK 64-Bit Server VM (25.212-b04) for windows-amd64 JRE (1.8.0_212-release-1586-b04), built by "builder" with MS VC++ 10.0 (VS2010)

time: Tue May 19 15:27:07 2020
timezone: Paris, Madrid (heure d’été)
elapsed time: 106 seconds (0d 0h 1m 46s)

